<?xml version="1.0" encoding="UTF-8"?>
<testng-results ignored="0" total="2" passed="2" failed="0" skipped="0">
  <reporter-output>
  </reporter-output>
  <suite started-at="2024-04-04T00:34:34 IST" name="Suite" finished-at="2024-04-04T00:34:34 IST" duration-ms="57">
    <groups>
    </groups>
    <test started-at="2024-04-04T00:34:34 IST" name="Test" finished-at="2024-04-04T00:34:34 IST" duration-ms="57">
      <class name="zJenkins_demo.Test_2">
        <test-method signature="address()[pri:0, instance:zJenkins_demo.Test_2@2d9d4f9d]" started-at="2024-04-04T00:34:34 IST" name="address" finished-at="2024-04-04T00:34:34 IST" duration-ms="7" status="PASS">
          <reporter-output>
          </reporter-output>
        </test-method> <!-- address -->
        <test-method signature="name()[pri:0, instance:zJenkins_demo.Test_2@2d9d4f9d]" started-at="2024-04-04T00:34:34 IST" name="name" finished-at="2024-04-04T00:34:34 IST" duration-ms="0" status="PASS">
          <reporter-output>
          </reporter-output>
        </test-method> <!-- name -->
      </class> <!-- zJenkins_demo.Test_2 -->
    </test> <!-- Test -->
  </suite> <!-- Suite -->
</testng-results>
