<?xml version="1.0" encoding="UTF-8"?>
<testng-results ignored="0" total="2" passed="2" failed="0" skipped="0">
  <reporter-output>
  </reporter-output>
  <suite started-at="2024-06-20T20:21:35 IST" name="Suite" finished-at="2024-06-20T20:21:35 IST" duration-ms="34">
    <groups>
    </groups>
    <test started-at="2024-06-20T20:21:35 IST" name="Test" finished-at="2024-06-20T20:21:35 IST" duration-ms="34">
      <class name="zJenkins_demo.Test_1">
        <test-method signature="address()[pri:0, instance:zJenkins_demo.Test_1@bef2d72]" started-at="2024-06-20T20:21:35 IST" name="address" finished-at="2024-06-20T20:21:35 IST" duration-ms="5" status="PASS">
          <reporter-output>
          </reporter-output>
        </test-method> <!-- address -->
        <test-method signature="name()[pri:0, instance:zJenkins_demo.Test_1@bef2d72]" started-at="2024-06-20T20:21:35 IST" name="name" finished-at="2024-06-20T20:21:35 IST" duration-ms="0" status="PASS">
          <reporter-output>
          </reporter-output>
        </test-method> <!-- name -->
      </class> <!-- zJenkins_demo.Test_1 -->
    </test> <!-- Test -->
  </suite> <!-- Suite -->
</testng-results>
